<?xml version="1.0" encoding="UTF-8"?>
<coverage generated="1648216968284" clover="3.2.0">
  <project timestamp="1648216968284" name="All files">
    <metrics statements="186" coveredstatements="185" conditionals="45" coveredconditionals="43" methods="43" coveredmethods="42" elements="274" coveredelements="270" complexity="0" loc="186" ncloc="186" packages="4" files="9" classes="9"/>
    <package name="src.lib">
      <metrics statements="13" coveredstatements="13" conditionals="4" coveredconditionals="2" methods="2" coveredmethods="2"/>
      <file name="logger.ts" path="/Users/ken/dev/swdata-scraper/server/src/lib/logger.ts">
        <metrics statements="13" coveredstatements="13" conditionals="4" coveredconditionals="2" methods="2" coveredmethods="2"/>
        <line num="1" count="1" type="stmt"/>
        <line num="3" count="1" type="stmt"/>
        <line num="11" count="1" type="stmt"/>
        <line num="12" count="1" type="cond" truecount="1" falsecount="1"/>
        <line num="13" count="1" type="stmt"/>
        <line num="14" count="1" type="cond" truecount="1" falsecount="1"/>
        <line num="17" count="1" type="stmt"/>
        <line num="25" count="1" type="stmt"/>
        <line num="27" count="1" type="stmt"/>
        <line num="31" count="15" type="stmt"/>
        <line num="35" count="1" type="stmt"/>
        <line num="39" count="1" type="stmt"/>
        <line num="46" count="1" type="stmt"/>
      </file>
    </package>
    <package name="src.utils.graph">
      <metrics statements="44" coveredstatements="44" conditionals="34" coveredconditionals="34" methods="2" coveredmethods="2"/>
      <file name="client.ts" path="/Users/ken/dev/swdata-scraper/server/src/utils/graph/client.ts">
        <metrics statements="10" coveredstatements="10" conditionals="6" coveredconditionals="6" methods="2" coveredmethods="2"/>
        <line num="1" count="1" type="stmt"/>
        <line num="2" count="1" type="stmt"/>
        <line num="3" count="1" type="stmt"/>
        <line num="5" count="1" type="stmt"/>
        <line num="7" count="5" type="stmt"/>
        <line num="8" count="5" type="cond" truecount="1" falsecount="0"/>
        <line num="9" count="10" type="stmt"/>
        <line num="10" count="10" type="stmt"/>
        <line num="15" count="5" type="cond" truecount="1" falsecount="0"/>
        <line num="22" count="1" type="stmt"/>
      </file>
      <file name="index.ts" path="/Users/ken/dev/swdata-scraper/server/src/utils/graph/index.ts">
        <metrics statements="4" coveredstatements="4" conditionals="0" coveredconditionals="0" methods="0" coveredmethods="0"/>
        <line num="1" count="1" type="stmt"/>
        <line num="2" count="1" type="stmt"/>
        <line num="3" count="1" type="stmt"/>
        <line num="5" count="1" type="stmt"/>
      </file>
      <file name="mutations.ts" path="/Users/ken/dev/swdata-scraper/server/src/utils/graph/mutations.ts">
        <metrics statements="13" coveredstatements="13" conditionals="12" coveredconditionals="12" methods="0" coveredmethods="0"/>
        <line num="1" count="1" type="stmt"/>
        <line num="3" count="1" type="cond" truecount="2" falsecount="0"/>
        <line num="14" count="1" type="cond" truecount="2" falsecount="0"/>
        <line num="25" count="1" type="cond" truecount="2" falsecount="0"/>
        <line num="36" count="1" type="cond" truecount="2" falsecount="0"/>
        <line num="60" count="1" type="cond" truecount="2" falsecount="0"/>
        <line num="77" count="1" type="cond" truecount="2" falsecount="0"/>
        <line num="101" count="1" type="stmt"/>
        <line num="102" count="1" type="stmt"/>
        <line num="103" count="1" type="stmt"/>
        <line num="104" count="1" type="stmt"/>
        <line num="105" count="1" type="stmt"/>
        <line num="106" count="1" type="stmt"/>
      </file>
      <file name="operations.ts" path="/Users/ken/dev/swdata-scraper/server/src/utils/graph/operations.ts">
        <metrics statements="17" coveredstatements="17" conditionals="16" coveredconditionals="16" methods="0" coveredmethods="0"/>
        <line num="1" count="1" type="stmt"/>
        <line num="3" count="1" type="cond" truecount="2" falsecount="0"/>
        <line num="26" count="1" type="cond" truecount="2" falsecount="0"/>
        <line num="49" count="1" type="cond" truecount="2" falsecount="0"/>
        <line num="73" count="1" type="cond" truecount="2" falsecount="0"/>
        <line num="105" count="1" type="cond" truecount="2" falsecount="0"/>
        <line num="119" count="1" type="cond" truecount="2" falsecount="0"/>
        <line num="139" count="1" type="cond" truecount="2" falsecount="0"/>
        <line num="152" count="1" type="cond" truecount="2" falsecount="0"/>
        <line num="163" count="1" type="stmt"/>
        <line num="164" count="1" type="stmt"/>
        <line num="165" count="1" type="stmt"/>
        <line num="166" count="1" type="stmt"/>
        <line num="167" count="1" type="stmt"/>
        <line num="168" count="1" type="stmt"/>
        <line num="169" count="1" type="stmt"/>
        <line num="170" count="1" type="stmt"/>
      </file>
    </package>
    <package name="test.config">
      <metrics statements="16" coveredstatements="16" conditionals="0" coveredconditionals="0" methods="7" coveredmethods="7"/>
      <file name="mockGraph.ts" path="/Users/ken/dev/swdata-scraper/server/test/config/mockGraph.ts">
        <metrics statements="16" coveredstatements="16" conditionals="0" coveredconditionals="0" methods="7" coveredmethods="7"/>
        <line num="1" count="1" type="stmt"/>
        <line num="2" count="1" type="stmt"/>
        <line num="3" count="1" type="stmt"/>
        <line num="6" count="1" type="stmt"/>
        <line num="7" count="1" type="stmt"/>
        <line num="11" count="1" type="stmt"/>
        <line num="13" count="1" type="stmt"/>
        <line num="14" count="10" type="stmt"/>
        <line num="17" count="1" type="stmt"/>
        <line num="26" count="10" type="stmt"/>
        <line num="34" count="10" type="stmt"/>
        <line num="42" count="10" type="stmt"/>
        <line num="50" count="10" type="stmt"/>
        <line num="57" count="1" type="stmt"/>
        <line num="64" count="1" type="stmt"/>
        <line num="67" count="1" type="stmt"/>
      </file>
    </package>
    <package name="test.utils.graph">
      <metrics statements="113" coveredstatements="112" conditionals="7" coveredconditionals="7" methods="32" coveredmethods="31"/>
      <file name="client.ts" path="/Users/ken/dev/swdata-scraper/server/test/utils/graph/client.ts">
        <metrics statements="7" coveredstatements="7" conditionals="1" coveredconditionals="1" methods="3" coveredmethods="3"/>
        <line num="1" count="1" type="stmt"/>
        <line num="3" count="1" type="stmt"/>
        <line num="4" count="1" type="stmt"/>
        <line num="5" count="1" type="stmt"/>
        <line num="6" count="1" type="cond" truecount="1" falsecount="0"/>
        <line num="10" count="1" type="stmt"/>
        <line num="11" count="1" type="stmt"/>
      </file>
      <file name="mutations.ts" path="/Users/ken/dev/swdata-scraper/server/test/utils/graph/mutations.ts">
        <metrics statements="53" coveredstatements="52" conditionals="0" coveredconditionals="0" methods="21" coveredmethods="20"/>
        <line num="1" count="1" type="stmt"/>
        <line num="9" count="1" type="stmt"/>
        <line num="10" count="1" type="stmt"/>
        <line num="11" count="1" type="stmt"/>
        <line num="12" count="1" type="stmt"/>
        <line num="21" count="1" type="stmt"/>
        <line num="28" count="1" type="stmt"/>
        <line num="29" count="1" type="stmt"/>
        <line num="32" count="1" type="stmt"/>
        <line num="33" count="1" type="stmt"/>
        <line num="39" count="1" type="stmt"/>
        <line num="41" count="1" type="stmt"/>
        <line num="48" count="1" type="stmt"/>
        <line num="49" count="1" type="stmt"/>
        <line num="52" count="1" type="stmt"/>
        <line num="53" count="1" type="stmt"/>
        <line num="59" count="1" type="stmt"/>
        <line num="61" count="1" type="stmt"/>
        <line num="68" count="1" type="stmt"/>
        <line num="69" count="1" type="stmt"/>
        <line num="72" count="1" type="stmt"/>
        <line num="73" count="1" type="stmt"/>
        <line num="79" count="1" type="stmt"/>
        <line num="81" count="1" type="stmt"/>
        <line num="88" count="1" type="stmt"/>
        <line num="89" count="1" type="stmt"/>
        <line num="92" count="1" type="stmt"/>
        <line num="93" count="1" type="stmt"/>
        <line num="102" count="1" type="stmt"/>
        <line num="104" count="1" type="stmt"/>
        <line num="111" count="1" type="stmt"/>
        <line num="112" count="1" type="stmt"/>
        <line num="117" count="1" type="stmt"/>
        <line num="118" count="1" type="stmt"/>
        <line num="129" count="1" type="stmt"/>
        <line num="131" count="1" type="stmt"/>
        <line num="138" count="1" type="stmt"/>
        <line num="139" count="1" type="stmt"/>
        <line num="144" count="1" type="stmt"/>
        <line num="145" count="1" type="stmt"/>
        <line num="146" count="1" type="stmt"/>
        <line num="149" count="2" type="stmt"/>
        <line num="157" count="1" type="stmt"/>
        <line num="162" count="2" type="stmt"/>
        <line num="170" count="1" type="stmt"/>
        <line num="175" count="2" type="stmt"/>
        <line num="183" count="1" type="stmt"/>
        <line num="188" count="2" type="stmt"/>
        <line num="196" count="0" type="stmt"/>
        <line num="201" count="2" type="stmt"/>
        <line num="209" count="1" type="stmt"/>
        <line num="214" count="2" type="stmt"/>
        <line num="222" count="1" type="stmt"/>
      </file>
      <file name="operations.ts" path="/Users/ken/dev/swdata-scraper/server/test/utils/graph/operations.ts">
        <metrics statements="53" coveredstatements="53" conditionals="6" coveredconditionals="6" methods="8" coveredmethods="8"/>
        <line num="1" count="1" type="stmt"/>
        <line num="3" count="1" type="stmt"/>
        <line num="4" count="1" type="stmt"/>
        <line num="5" count="1" type="stmt"/>
        <line num="6" count="1" type="cond" truecount="1" falsecount="0"/>
        <line num="10" count="1" type="stmt"/>
        <line num="12" count="1" type="stmt"/>
        <line num="14" count="1" type="stmt"/>
        <line num="15" count="1" type="stmt"/>
        <line num="16" count="1" type="stmt"/>
        <line num="19" count="1" type="stmt"/>
        <line num="20" count="1" type="stmt"/>
        <line num="23" count="1" type="stmt"/>
        <line num="24" count="1" type="cond" truecount="1" falsecount="0"/>
        <line num="28" count="1" type="stmt"/>
        <line num="30" count="1" type="stmt"/>
        <line num="32" count="1" type="stmt"/>
        <line num="33" count="1" type="stmt"/>
        <line num="34" count="1" type="stmt"/>
        <line num="35" count="1" type="stmt"/>
        <line num="38" count="1" type="stmt"/>
        <line num="41" count="1" type="stmt"/>
        <line num="42" count="1" type="cond" truecount="1" falsecount="0"/>
        <line num="46" count="1" type="stmt"/>
        <line num="48" count="1" type="stmt"/>
        <line num="50" count="1" type="stmt"/>
        <line num="51" count="1" type="stmt"/>
        <line num="52" count="1" type="stmt"/>
        <line num="53" count="1" type="stmt"/>
        <line num="54" count="1" type="stmt"/>
        <line num="59" count="1" type="stmt"/>
        <line num="60" count="1" type="cond" truecount="1" falsecount="0"/>
        <line num="64" count="1" type="stmt"/>
        <line num="66" count="1" type="stmt"/>
        <line num="68" count="1" type="stmt"/>
        <line num="69" count="1" type="stmt"/>
        <line num="70" count="1" type="stmt"/>
        <line num="73" count="1" type="stmt"/>
        <line num="76" count="1" type="stmt"/>
        <line num="81" count="1" type="stmt"/>
        <line num="82" count="1" type="cond" truecount="1" falsecount="0"/>
        <line num="86" count="1" type="stmt"/>
        <line num="88" count="1" type="stmt"/>
        <line num="89" count="1" type="stmt"/>
        <line num="90" count="1" type="stmt"/>
        <line num="93" count="1" type="stmt"/>
        <line num="97" count="1" type="stmt"/>
        <line num="98" count="1" type="cond" truecount="1" falsecount="0"/>
        <line num="102" count="1" type="stmt"/>
        <line num="104" count="1" type="stmt"/>
        <line num="105" count="1" type="stmt"/>
        <line num="106" count="1" type="stmt"/>
        <line num="109" count="1" type="stmt"/>
      </file>
    </package>
  </project>
</coverage>
