{"/Users/ken/dev/swdata-scraper/server/src/lib/logger.ts": {"path":"/Users/ken/dev/swdata-scraper/server/src/lib/logger.ts","statementMap":{"0":{"start":{"line":1,"column":0},"end":{"line":1,"column":30}},"1":{"start":{"line":3,"column":15},"end":{"line":9,"column":2}},"2":{"start":{"line":11,"column":14},"end":{"line":15,"column":1}},"3":{"start":{"line":12,"column":14},"end":{"line":12,"column":51}},"4":{"start":{"line":13,"column":24},"end":{"line":13,"column":45}},"5":{"start":{"line":14,"column":2},"end":{"line":14,"column":42}},"6":{"start":{"line":17,"column":15},"end":{"line":23,"column":2}},"7":{"start":{"line":25,"column":0},"end":{"line":25,"column":26}},"8":{"start":{"line":27,"column":15},"end":{"line":32,"column":null}},"9":{"start":{"line":31,"column":14},"end":{"line":31,"column":null}},"10":{"start":{"line":35,"column":19},"end":{"line":37,"column":2}},"11":{"start":{"line":39,"column":15},"end":{"line":44,"column":2}},"12":{"start":{"line":46,"column":0},"end":{"line":46,"column":22}}},"fnMap":{"0":{"name":"(anonymous_1)","decl":{"start":{"line":11,"column":14},"end":{"line":11,"column":null}},"loc":{"start":{"line":11,"column":14},"end":{"line":15,"column":1}}},"1":{"name":"(anonymous_2)","decl":{"start":{"line":31,"column":4},"end":{"line":31,"column":5}},"loc":{"start":{"line":31,"column":9},"end":{"line":31,"column":17}}}},"branchMap":{"0":{"loc":{"start":{"line":12,"column":14},"end":{"line":12,"column":51}},"type":"binary-expr","locations":[{"start":{"line":12,"column":14},"end":{"line":12,"column":34}},{"start":{"line":12,"column":38},"end":{"line":12,"column":51}}]},"1":{"loc":{"start":{"line":14,"column":9},"end":{"line":14,"column":41}},"type":"cond-expr","locations":[{"start":{"line":14,"column":25},"end":{"line":14,"column":32}},{"start":{"line":14,"column":35},"end":{"line":14,"column":41}}]}},"s":{"0":1,"1":1,"2":1,"3":1,"4":1,"5":1,"6":1,"7":1,"8":1,"9":15,"10":1,"11":1,"12":1},"f":{"0":1,"1":15},"b":{"0":[1,0],"1":[0,1]}}
,"/Users/ken/dev/swdata-scraper/server/src/utils/graph/client.ts": {"path":"/Users/ken/dev/swdata-scraper/server/src/utils/graph/client.ts","statementMap":{"0":{"start":{"line":1,"column":0},"end":{"line":1,"column":40}},"1":{"start":{"line":2,"column":0},"end":{"line":2,"column":30}},"2":{"start":{"line":3,"column":0},"end":{"line":3,"column":38}},"3":{"start":{"line":5,"column":15},"end":{"line":20,"column":2}},"4":{"start":{"line":7,"column":27},"end":{"line":7,"column":29}},"5":{"start":{"line":7,"column":41},"end":{"line":7,"column":43}},"6":{"start":{"line":8,"column":4},"end":{"line":13,"column":8}},"7":{"start":{"line":9,"column":6},"end":{"line":13,"column":8}},"8":{"start":{"line":9,"column":38},"end":{"line":9,"column":40}},"9":{"start":{"line":9,"column":49},"end":{"line":9,"column":51}},"10":{"start":{"line":9,"column":55},"end":{"line":9,"column":57}},"11":{"start":{"line":10,"column":8},"end":{"line":12,"column":null}},"12":{"start":{"line":15,"column":4},"end":{"line":15,"column":71}},"13":{"start":{"line":15,"column":22},"end":{"line":15,"column":71}},"14":{"start":{"line":22,"column":0},"end":{"line":22,"column":22}}},"fnMap":{"0":{"name":"(anonymous_1)","decl":{"start":{"line":7,"column":11},"end":{"line":7,"column":12}},"loc":{"start":{"line":7,"column":43},"end":{"line":16,"column":3}}},"1":{"name":"(anonymous_2)","decl":{"start":{"line":9,"column":28},"end":{"line":9,"column":29}},"loc":{"start":{"line":9,"column":57},"end":{"line":10,"column":14}}}},"branchMap":{"0":{"loc":{"start":{"line":6,"column":7},"end":{"line":6,"column":76}},"type":"binary-expr","locations":[{"start":{"line":6,"column":7},"end":{"line":6,"column":38}},{"start":{"line":6,"column":42},"end":{"line":6,"column":76}}]},"1":{"loc":{"start":{"line":8,"column":4},"end":{"line":13,"column":8}},"type":"if","locations":[{"start":{"line":8,"column":4},"end":{"line":13,"column":8}}]},"2":{"loc":{"start":{"line":15,"column":4},"end":{"line":15,"column":71}},"type":"if","locations":[{"start":{"line":15,"column":4},"end":{"line":15,"column":71}}]},"3":{"loc":{"start":{"line":18,"column":29},"end":{"line":18,"column":60}},"type":"binary-expr","locations":[{"start":{"line":18,"column":29},"end":{"line":18,"column":54}},{"start":{"line":18,"column":58},"end":{"line":18,"column":60}}]}},"s":{"0":1,"1":1,"2":1,"3":1,"4":5,"5":5,"6":5,"7":5,"8":10,"9":10,"10":10,"11":10,"12":5,"13":5,"14":1},"f":{"0":5,"1":10},"b":{"0":[1,1],"1":[5],"2":[5],"3":[1,1]}}
,"/Users/ken/dev/swdata-scraper/server/src/utils/graph/index.ts": {"path":"/Users/ken/dev/swdata-scraper/server/src/utils/graph/index.ts","statementMap":{"0":{"start":{"line":1,"column":0},"end":{"line":1,"column":7}},"1":{"start":{"line":5,"column":9},"end":{"line":1,"column":35}},"2":{"start":{"line":2,"column":0},"end":{"line":2,"column":43}},"3":{"start":{"line":5,"column":22},"end":{"line":5,"column":32}},"4":{"start":{"line":3,"column":0},"end":{"line":3,"column":41}},"5":{"start":{"line":5,"column":34},"end":{"line":5,"column":43}}},"fnMap":{},"branchMap":{},"s":{"0":1,"1":1,"2":1,"3":1,"4":1,"5":1},"f":{},"b":{}}
,"/Users/ken/dev/swdata-scraper/server/src/utils/graph/mutations.ts": {"path":"/Users/ken/dev/swdata-scraper/server/src/utils/graph/mutations.ts","statementMap":{"0":{"start":{"line":1,"column":0},"end":{"line":1,"column":35}},"1":{"start":{"line":3,"column":18},"end":{"line":12,"column":2}},"2":{"start":{"line":101,"column":2},"end":{"line":101,"column":14}},"3":{"start":{"line":14,"column":19},"end":{"line":23,"column":2}},"4":{"start":{"line":102,"column":2},"end":{"line":102,"column":15}},"5":{"start":{"line":25,"column":20},"end":{"line":34,"column":2}},"6":{"start":{"line":103,"column":2},"end":{"line":103,"column":16}},"7":{"start":{"line":36,"column":33},"end":{"line":58,"column":2}},"8":{"start":{"line":104,"column":2},"end":{"line":104,"column":29}},"9":{"start":{"line":60,"column":18},"end":{"line":75,"column":2}},"10":{"start":{"line":105,"column":2},"end":{"line":105,"column":14}},"11":{"start":{"line":77,"column":30},"end":{"line":98,"column":2}},"12":{"start":{"line":106,"column":2},"end":{"line":106,"column":26}}},"fnMap":{},"branchMap":{"0":{"loc":{"start":{"line":3,"column":24},"end":{"line":12,"column":2}},"type":"binary-expr","locations":[{"start":{"line":3,"column":24},"end":{"line":3,"column":null}},{"start":{"line":3,"column":24},"end":{"line":12,"column":2}}]},"1":{"loc":{"start":{"line":14,"column":25},"end":{"line":23,"column":2}},"type":"binary-expr","locations":[{"start":{"line":14,"column":25},"end":{"line":14,"column":null}},{"start":{"line":14,"column":25},"end":{"line":23,"column":2}}]},"2":{"loc":{"start":{"line":25,"column":26},"end":{"line":34,"column":2}},"type":"binary-expr","locations":[{"start":{"line":25,"column":26},"end":{"line":25,"column":null}},{"start":{"line":25,"column":26},"end":{"line":34,"column":2}}]},"3":{"loc":{"start":{"line":36,"column":39},"end":{"line":58,"column":2}},"type":"binary-expr","locations":[{"start":{"line":36,"column":39},"end":{"line":36,"column":null}},{"start":{"line":36,"column":39},"end":{"line":58,"column":2}}]},"4":{"loc":{"start":{"line":60,"column":24},"end":{"line":75,"column":2}},"type":"binary-expr","locations":[{"start":{"line":60,"column":24},"end":{"line":60,"column":null}},{"start":{"line":60,"column":24},"end":{"line":75,"column":2}}]},"5":{"loc":{"start":{"line":77,"column":36},"end":{"line":98,"column":2}},"type":"binary-expr","locations":[{"start":{"line":77,"column":36},"end":{"line":77,"column":null}},{"start":{"line":77,"column":36},"end":{"line":98,"column":2}}]}},"s":{"0":1,"1":1,"2":1,"3":1,"4":1,"5":1,"6":1,"7":1,"8":1,"9":1,"10":1,"11":1,"12":1},"f":{},"b":{"0":[1,1],"1":[1,1],"2":[1,1],"3":[1,1],"4":[1,1],"5":[1,1]}}
,"/Users/ken/dev/swdata-scraper/server/src/utils/graph/operations.ts": {"path":"/Users/ken/dev/swdata-scraper/server/src/utils/graph/operations.ts","statementMap":{"0":{"start":{"line":1,"column":0},"end":{"line":1,"column":35}},"1":{"start":{"line":3,"column":18},"end":{"line":25,"column":2}},"2":{"start":{"line":164,"column":2},"end":{"line":164,"column":14}},"3":{"start":{"line":26,"column":19},"end":{"line":48,"column":2}},"4":{"start":{"line":165,"column":2},"end":{"line":165,"column":15}},"5":{"start":{"line":49,"column":20},"end":{"line":71,"column":2}},"6":{"start":{"line":166,"column":2},"end":{"line":166,"column":16}},"7":{"start":{"line":73,"column":16},"end":{"line":103,"column":2}},"8":{"start":{"line":163,"column":2},"end":{"line":163,"column":12}},"9":{"start":{"line":105,"column":21},"end":{"line":117,"column":2}},"10":{"start":{"line":167,"column":2},"end":{"line":167,"column":17}},"11":{"start":{"line":119,"column":21},"end":{"line":137,"column":2}},"12":{"start":{"line":168,"column":2},"end":{"line":168,"column":17}},"13":{"start":{"line":139,"column":23},"end":{"line":150,"column":2}},"14":{"start":{"line":170,"column":2},"end":{"line":170,"column":19}},"15":{"start":{"line":152,"column":14},"end":{"line":160,"column":2}},"16":{"start":{"line":169,"column":2},"end":{"line":169,"column":10}}},"fnMap":{},"branchMap":{"0":{"loc":{"start":{"line":3,"column":24},"end":{"line":25,"column":2}},"type":"binary-expr","locations":[{"start":{"line":3,"column":24},"end":{"line":3,"column":null}},{"start":{"line":3,"column":24},"end":{"line":25,"column":2}}]},"1":{"loc":{"start":{"line":26,"column":25},"end":{"line":48,"column":2}},"type":"binary-expr","locations":[{"start":{"line":26,"column":25},"end":{"line":26,"column":null}},{"start":{"line":26,"column":25},"end":{"line":48,"column":2}}]},"2":{"loc":{"start":{"line":49,"column":26},"end":{"line":71,"column":2}},"type":"binary-expr","locations":[{"start":{"line":49,"column":26},"end":{"line":49,"column":null}},{"start":{"line":49,"column":26},"end":{"line":71,"column":2}}]},"3":{"loc":{"start":{"line":73,"column":22},"end":{"line":103,"column":2}},"type":"binary-expr","locations":[{"start":{"line":73,"column":22},"end":{"line":73,"column":null}},{"start":{"line":73,"column":22},"end":{"line":103,"column":2}}]},"4":{"loc":{"start":{"line":105,"column":27},"end":{"line":117,"column":2}},"type":"binary-expr","locations":[{"start":{"line":105,"column":27},"end":{"line":105,"column":null}},{"start":{"line":105,"column":27},"end":{"line":117,"column":2}}]},"5":{"loc":{"start":{"line":119,"column":27},"end":{"line":137,"column":2}},"type":"binary-expr","locations":[{"start":{"line":119,"column":27},"end":{"line":119,"column":null}},{"start":{"line":119,"column":27},"end":{"line":137,"column":2}}]},"6":{"loc":{"start":{"line":139,"column":29},"end":{"line":150,"column":2}},"type":"binary-expr","locations":[{"start":{"line":139,"column":29},"end":{"line":139,"column":null}},{"start":{"line":139,"column":29},"end":{"line":150,"column":2}}]},"7":{"loc":{"start":{"line":152,"column":20},"end":{"line":160,"column":2}},"type":"binary-expr","locations":[{"start":{"line":152,"column":20},"end":{"line":152,"column":null}},{"start":{"line":152,"column":20},"end":{"line":160,"column":2}}]}},"s":{"0":1,"1":1,"2":1,"3":1,"4":1,"5":1,"6":1,"7":1,"8":1,"9":1,"10":1,"11":1,"12":1,"13":1,"14":1,"15":1,"16":1},"f":{},"b":{"0":[1,1],"1":[1,1],"2":[1,1],"3":[1,1],"4":[1,1],"5":[1,1],"6":[1,1],"7":[1,1]}}
,"/Users/ken/dev/swdata-scraper/server/test/config/mockGraph.ts": {"path":"/Users/ken/dev/swdata-scraper/server/test/config/mockGraph.ts","statementMap":{"0":{"start":{"line":1,"column":0},"end":{"line":1,"column":45}},"1":{"start":{"line":2,"column":0},"end":{"line":2,"column":34}},"2":{"start":{"line":3,"column":0},"end":{"line":3,"column":40}},"3":{"start":{"line":6,"column":20},"end":{"line":65,"column":1}},"4":{"start":{"line":7,"column":19},"end":{"line":8,"column":null}},"5":{"start":{"line":11,"column":20},"end":{"line":11,"column":22}},"6":{"start":{"line":13,"column":16},"end":{"line":55,"column":4}},"7":{"start":{"line":14,"column":25},"end":{"line":25,"column":null}},"8":{"start":{"line":17,"column":27},"end":{"line":17,"column":null}},"9":{"start":{"line":26,"column":24},"end":{"line":33,"column":null}},"10":{"start":{"line":34,"column":27},"end":{"line":41,"column":null}},"11":{"start":{"line":42,"column":26},"end":{"line":49,"column":null}},"12":{"start":{"line":50,"column":27},"end":{"line":54,"column":null}},"13":{"start":{"line":57,"column":17},"end":{"line":62,"column":4}},"14":{"start":{"line":64,"column":2},"end":{"line":64,"column":16}},"15":{"start":{"line":67,"column":0},"end":{"line":67,"column":27}}},"fnMap":{"0":{"name":"(anonymous_0)","decl":{"start":{"line":6,"column":20},"end":{"line":6,"column":null}},"loc":{"start":{"line":6,"column":20},"end":{"line":65,"column":1}}},"1":{"name":"(anonymous_1)","decl":{"start":{"line":14,"column":19},"end":{"line":14,"column":25}},"loc":{"start":{"line":14,"column":19},"end":{"line":14,"column":26}}},"2":{"name":"(anonymous_2)","decl":{"start":{"line":17,"column":21},"end":{"line":17,"column":27}},"loc":{"start":{"line":17,"column":21},"end":{"line":17,"column":32}}},"3":{"name":"(anonymous_3)","decl":{"start":{"line":26,"column":18},"end":{"line":26,"column":24}},"loc":{"start":{"line":26,"column":18},"end":{"line":26,"column":25}}},"4":{"name":"(anonymous_4)","decl":{"start":{"line":34,"column":21},"end":{"line":34,"column":27}},"loc":{"start":{"line":34,"column":21},"end":{"line":34,"column":28}}},"5":{"name":"(anonymous_5)","decl":{"start":{"line":42,"column":20},"end":{"line":42,"column":26}},"loc":{"start":{"line":42,"column":20},"end":{"line":42,"column":27}}},"6":{"name":"(anonymous_6)","decl":{"start":{"line":50,"column":21},"end":{"line":50,"column":27}},"loc":{"start":{"line":50,"column":21},"end":{"line":50,"column":28}}}},"branchMap":{},"s":{"0":1,"1":1,"2":1,"3":1,"4":1,"5":1,"6":1,"7":10,"8":1,"9":10,"10":10,"11":10,"12":10,"13":1,"14":1,"15":1},"f":{"0":1,"1":10,"2":1,"3":10,"4":10,"5":10,"6":10},"b":{}}
,"/Users/ken/dev/swdata-scraper/server/test/utils/graph/client.ts": {"path":"/Users/ken/dev/swdata-scraper/server/test/utils/graph/client.ts","statementMap":{"0":{"start":{"line":1,"column":0},"end":{"line":1,"column":67}},"1":{"start":{"line":3,"column":36},"end":{"line":14,"column":1}},"2":{"start":{"line":4,"column":2},"end":{"line":13,"column":5}},"3":{"start":{"line":5,"column":4},"end":{"line":12,"column":7}},"4":{"start":{"line":5,"column":45},"end":{"line":12,"column":6}},"5":{"start":{"line":6,"column":21},"end":{"line":8,"column":null}},"6":{"start":{"line":6,"column":12},"end":{"line":8,"column":null}},"7":{"start":{"line":10,"column":6},"end":{"line":10,"column":44}},"8":{"start":{"line":11,"column":6},"end":{"line":11,"column":60}},"9":{"start":{"line":3,"column":13},"end":{"line":3,"column":36}}},"fnMap":{"0":{"name":"(anonymous_13)","decl":{"start":{"line":3,"column":36},"end":{"line":3,"column":null}},"loc":{"start":{"line":3,"column":36},"end":{"line":14,"column":1}}},"1":{"name":"(anonymous_14)","decl":{"start":{"line":4,"column":27},"end":{"line":4,"column":null}},"loc":{"start":{"line":4,"column":27},"end":{"line":13,"column":3}}},"2":{"name":"(anonymous_15)","decl":{"start":{"line":5,"column":45},"end":{"line":5,"column":null}},"loc":{"start":{"line":5,"column":45},"end":{"line":12,"column":6}}}},"branchMap":{"0":{"loc":{"start":{"line":6,"column":21},"end":{"line":8,"column":null}},"type":"switch","locations":[{"start":{"line":6,"column":21},"end":{"line":8,"column":null}}]}},"s":{"0":1,"1":1,"2":1,"3":1,"4":1,"5":1,"6":1,"7":1,"8":1,"9":1},"f":{"0":1,"1":1,"2":2},"b":{"0":[1]}}
,"/Users/ken/dev/swdata-scraper/server/test/utils/graph/mutations.ts": {"path":"/Users/ken/dev/swdata-scraper/server/test/utils/graph/mutations.ts","statementMap":{"0":{"start":{"line":1,"column":0},"end":{"line":1,"column":66}},"1":{"start":{"line":9,"column":39},"end":{"line":228,"column":1}},"2":{"start":{"line":10,"column":2},"end":{"line":227,"column":5}},"3":{"start":{"line":11,"column":4},"end":{"line":30,"column":7}},"4":{"start":{"line":11,"column":27},"end":{"line":30,"column":6}},"5":{"start":{"line":12,"column":12},"end":{"line":19,"column":8}},"6":{"start":{"line":21,"column":21},"end":{"line":26,"column":null}},"7":{"start":{"line":21,"column":12},"end":{"line":26,"column":null}},"8":{"start":{"line":28,"column":6},"end":{"line":28,"column":44}},"9":{"start":{"line":29,"column":6},"end":{"line":29,"column":67}},"10":{"start":{"line":32,"column":4},"end":{"line":50,"column":7}},"11":{"start":{"line":32,"column":34},"end":{"line":50,"column":6}},"12":{"start":{"line":33,"column":12},"end":{"line":37,"column":8}},"13":{"start":{"line":39,"column":12},"end":{"line":39,"column":43}},"14":{"start":{"line":39,"column":36},"end":{"line":39,"column":42}},"15":{"start":{"line":41,"column":23},"end":{"line":46,"column":null}},"16":{"start":{"line":41,"column":12},"end":{"line":46,"column":null}},"17":{"start":{"line":48,"column":6},"end":{"line":48,"column":46}},"18":{"start":{"line":49,"column":6},"end":{"line":49,"column":75}},"19":{"start":{"line":52,"column":4},"end":{"line":70,"column":7}},"20":{"start":{"line":52,"column":35},"end":{"line":70,"column":6}},"21":{"start":{"line":53,"column":12},"end":{"line":57,"column":8}},"22":{"start":{"line":59,"column":12},"end":{"line":59,"column":43}},"23":{"start":{"line":59,"column":36},"end":{"line":59,"column":42}},"24":{"start":{"line":61,"column":23},"end":{"line":66,"column":null}},"25":{"start":{"line":61,"column":12},"end":{"line":66,"column":null}},"26":{"start":{"line":68,"column":6},"end":{"line":68,"column":46}},"27":{"start":{"line":69,"column":6},"end":{"line":69,"column":76}},"28":{"start":{"line":72,"column":4},"end":{"line":90,"column":7}},"29":{"start":{"line":72,"column":35},"end":{"line":90,"column":6}},"30":{"start":{"line":73,"column":12},"end":{"line":77,"column":8}},"31":{"start":{"line":79,"column":12},"end":{"line":79,"column":43}},"32":{"start":{"line":79,"column":36},"end":{"line":79,"column":42}},"33":{"start":{"line":81,"column":23},"end":{"line":86,"column":null}},"34":{"start":{"line":81,"column":12},"end":{"line":86,"column":null}},"35":{"start":{"line":88,"column":6},"end":{"line":88,"column":46}},"36":{"start":{"line":89,"column":6},"end":{"line":89,"column":77}},"37":{"start":{"line":92,"column":4},"end":{"line":115,"column":7}},"38":{"start":{"line":92,"column":39},"end":{"line":115,"column":6}},"39":{"start":{"line":93,"column":12},"end":{"line":100,"column":8}},"40":{"start":{"line":102,"column":12},"end":{"line":102,"column":53}},"41":{"start":{"line":102,"column":41},"end":{"line":102,"column":52}},"42":{"start":{"line":104,"column":23},"end":{"line":109,"column":null}},"43":{"start":{"line":104,"column":12},"end":{"line":109,"column":null}},"44":{"start":{"line":111,"column":6},"end":{"line":111,"column":46}},"45":{"start":{"line":112,"column":6},"end":{"line":114,"column":21}},"46":{"start":{"line":117,"column":4},"end":{"line":142,"column":7}},"47":{"start":{"line":117,"column":46},"end":{"line":142,"column":6}},"48":{"start":{"line":118,"column":12},"end":{"line":127,"column":8}},"49":{"start":{"line":129,"column":12},"end":{"line":129,"column":64}},"50":{"start":{"line":129,"column":43},"end":{"line":129,"column":63}},"51":{"start":{"line":131,"column":23},"end":{"line":136,"column":null}},"52":{"start":{"line":131,"column":12},"end":{"line":136,"column":null}},"53":{"start":{"line":138,"column":6},"end":{"line":138,"column":46}},"54":{"start":{"line":139,"column":6},"end":{"line":141,"column":21}},"55":{"start":{"line":144,"column":4},"end":{"line":226,"column":7}},"56":{"start":{"line":144,"column":31},"end":{"line":226,"column":6}},"57":{"start":{"line":145,"column":12},"end":{"line":147,"column":9}},"58":{"start":{"line":146,"column":8},"end":{"line":146,"column":48}},"59":{"start":{"line":149,"column":6},"end":{"line":160,"column":10}},"60":{"start":{"line":157,"column":10},"end":{"line":159,"column":null}},"61":{"start":{"line":162,"column":6},"end":{"line":173,"column":10}},"62":{"start":{"line":170,"column":10},"end":{"line":172,"column":null}},"63":{"start":{"line":175,"column":6},"end":{"line":186,"column":10}},"64":{"start":{"line":183,"column":10},"end":{"line":185,"column":null}},"65":{"start":{"line":188,"column":6},"end":{"line":199,"column":10}},"66":{"start":{"line":196,"column":10},"end":{"line":198,"column":null}},"67":{"start":{"line":201,"column":6},"end":{"line":212,"column":10}},"68":{"start":{"line":209,"column":10},"end":{"line":211,"column":null}},"69":{"start":{"line":214,"column":6},"end":{"line":225,"column":10}},"70":{"start":{"line":222,"column":10},"end":{"line":224,"column":null}},"71":{"start":{"line":9,"column":13},"end":{"line":9,"column":39}}},"fnMap":{"0":{"name":"(anonymous_13)","decl":{"start":{"line":9,"column":39},"end":{"line":9,"column":null}},"loc":{"start":{"line":9,"column":39},"end":{"line":228,"column":1}}},"1":{"name":"(anonymous_14)","decl":{"start":{"line":10,"column":24},"end":{"line":10,"column":null}},"loc":{"start":{"line":10,"column":24},"end":{"line":227,"column":3}}},"2":{"name":"(anonymous_15)","decl":{"start":{"line":11,"column":27},"end":{"line":11,"column":null}},"loc":{"start":{"line":11,"column":27},"end":{"line":30,"column":6}}},"3":{"name":"(anonymous_18)","decl":{"start":{"line":32,"column":34},"end":{"line":32,"column":null}},"loc":{"start":{"line":32,"column":34},"end":{"line":50,"column":6}}},"4":{"name":"(anonymous_21)","decl":{"start":{"line":39,"column":30},"end":{"line":39,"column":36}},"loc":{"start":{"line":39,"column":30},"end":{"line":39,"column":41}}},"5":{"name":"(anonymous_22)","decl":{"start":{"line":52,"column":35},"end":{"line":52,"column":null}},"loc":{"start":{"line":52,"column":35},"end":{"line":70,"column":6}}},"6":{"name":"(anonymous_25)","decl":{"start":{"line":59,"column":30},"end":{"line":59,"column":36}},"loc":{"start":{"line":59,"column":30},"end":{"line":59,"column":41}}},"7":{"name":"(anonymous_26)","decl":{"start":{"line":72,"column":35},"end":{"line":72,"column":null}},"loc":{"start":{"line":72,"column":35},"end":{"line":90,"column":6}}},"8":{"name":"(anonymous_29)","decl":{"start":{"line":79,"column":30},"end":{"line":79,"column":36}},"loc":{"start":{"line":79,"column":30},"end":{"line":79,"column":41}}},"9":{"name":"(anonymous_30)","decl":{"start":{"line":92,"column":39},"end":{"line":92,"column":null}},"loc":{"start":{"line":92,"column":39},"end":{"line":115,"column":6}}},"10":{"name":"(anonymous_33)","decl":{"start":{"line":102,"column":35},"end":{"line":102,"column":41}},"loc":{"start":{"line":102,"column":35},"end":{"line":102,"column":51}}},"11":{"name":"(anonymous_34)","decl":{"start":{"line":117,"column":46},"end":{"line":117,"column":null}},"loc":{"start":{"line":117,"column":46},"end":{"line":142,"column":6}}},"12":{"name":"(anonymous_37)","decl":{"start":{"line":129,"column":37},"end":{"line":129,"column":43}},"loc":{"start":{"line":129,"column":37},"end":{"line":129,"column":62}}},"13":{"name":"(anonymous_38)","decl":{"start":{"line":144,"column":31},"end":{"line":144,"column":null}},"loc":{"start":{"line":144,"column":31},"end":{"line":226,"column":6}}},"14":{"name":"(anonymous_41)","decl":{"start":{"line":145,"column":34},"end":{"line":145,"column":null}},"loc":{"start":{"line":145,"column":34},"end":{"line":147,"column":7}}},"15":{"name":"(anonymous_42)","decl":{"start":{"line":156,"column":15},"end":{"line":156,"column":16}},"loc":{"start":{"line":156,"column":17},"end":{"line":157,"column":16}}},"16":{"name":"(anonymous_43)","decl":{"start":{"line":169,"column":15},"end":{"line":169,"column":16}},"loc":{"start":{"line":169,"column":17},"end":{"line":170,"column":16}}},"17":{"name":"(anonymous_44)","decl":{"start":{"line":182,"column":15},"end":{"line":182,"column":16}},"loc":{"start":{"line":182,"column":17},"end":{"line":183,"column":16}}},"18":{"name":"(anonymous_45)","decl":{"start":{"line":195,"column":15},"end":{"line":195,"column":16}},"loc":{"start":{"line":195,"column":17},"end":{"line":196,"column":16}}},"19":{"name":"(anonymous_46)","decl":{"start":{"line":208,"column":15},"end":{"line":208,"column":16}},"loc":{"start":{"line":208,"column":17},"end":{"line":209,"column":16}}},"20":{"name":"(anonymous_47)","decl":{"start":{"line":221,"column":15},"end":{"line":221,"column":16}},"loc":{"start":{"line":221,"column":17},"end":{"line":222,"column":16}}}},"branchMap":{},"s":{"0":1,"1":1,"2":1,"3":1,"4":1,"5":1,"6":1,"7":1,"8":1,"9":1,"10":1,"11":1,"12":1,"13":1,"14":1,"15":1,"16":1,"17":1,"18":1,"19":1,"20":1,"21":1,"22":1,"23":1,"24":1,"25":1,"26":1,"27":1,"28":1,"29":1,"30":1,"31":1,"32":1,"33":1,"34":1,"35":1,"36":1,"37":1,"38":1,"39":1,"40":1,"41":1,"42":1,"43":1,"44":1,"45":1,"46":1,"47":1,"48":1,"49":1,"50":1,"51":1,"52":1,"53":1,"54":1,"55":1,"56":1,"57":1,"58":1,"59":2,"60":1,"61":2,"62":1,"63":2,"64":1,"65":2,"66":0,"67":2,"68":1,"69":2,"70":1,"71":1},"f":{"0":1,"1":1,"2":2,"3":2,"4":1,"5":2,"6":1,"7":2,"8":1,"9":2,"10":1,"11":2,"12":1,"13":2,"14":1,"15":1,"16":1,"17":1,"18":0,"19":1,"20":1},"b":{}}
,"/Users/ken/dev/swdata-scraper/server/test/utils/graph/operations.ts": {"path":"/Users/ken/dev/swdata-scraper/server/test/utils/graph/operations.ts","statementMap":{"0":{"start":{"line":1,"column":0},"end":{"line":1,"column":67}},"1":{"start":{"line":3,"column":40},"end":{"line":112,"column":1}},"2":{"start":{"line":4,"column":2},"end":{"line":111,"column":5}},"3":{"start":{"line":5,"column":4},"end":{"line":21,"column":7}},"4":{"start":{"line":5,"column":31},"end":{"line":21,"column":6}},"5":{"start":{"line":6,"column":23},"end":{"line":8,"column":null}},"6":{"start":{"line":6,"column":12},"end":{"line":8,"column":null}},"7":{"start":{"line":10,"column":6},"end":{"line":10,"column":46}},"8":{"start":{"line":12,"column":12},"end":{"line":12,"column":56}},"9":{"start":{"line":14,"column":6},"end":{"line":14,"column":42}},"10":{"start":{"line":15,"column":6},"end":{"line":15,"column":45}},"11":{"start":{"line":16,"column":6},"end":{"line":18,"column":8}},"12":{"start":{"line":19,"column":6},"end":{"line":19,"column":50}},"13":{"start":{"line":20,"column":6},"end":{"line":20,"column":49}},"14":{"start":{"line":23,"column":4},"end":{"line":39,"column":7}},"15":{"start":{"line":23,"column":32},"end":{"line":39,"column":6}},"16":{"start":{"line":24,"column":23},"end":{"line":26,"column":null}},"17":{"start":{"line":24,"column":12},"end":{"line":26,"column":null}},"18":{"start":{"line":28,"column":6},"end":{"line":28,"column":46}},"19":{"start":{"line":30,"column":12},"end":{"line":30,"column":56}},"20":{"start":{"line":32,"column":6},"end":{"line":32,"column":42}},"21":{"start":{"line":33,"column":6},"end":{"line":33,"column":45}},"22":{"start":{"line":34,"column":6},"end":{"line":34,"column":49}},"23":{"start":{"line":35,"column":6},"end":{"line":37,"column":8}},"24":{"start":{"line":38,"column":6},"end":{"line":38,"column":49}},"25":{"start":{"line":41,"column":4},"end":{"line":57,"column":7}},"26":{"start":{"line":41,"column":32},"end":{"line":57,"column":6}},"27":{"start":{"line":42,"column":23},"end":{"line":44,"column":null}},"28":{"start":{"line":42,"column":12},"end":{"line":44,"column":null}},"29":{"start":{"line":46,"column":6},"end":{"line":46,"column":46}},"30":{"start":{"line":48,"column":12},"end":{"line":48,"column":56}},"31":{"start":{"line":50,"column":6},"end":{"line":50,"column":42}},"32":{"start":{"line":51,"column":6},"end":{"line":51,"column":45}},"33":{"start":{"line":52,"column":6},"end":{"line":52,"column":49}},"34":{"start":{"line":53,"column":6},"end":{"line":53,"column":50}},"35":{"start":{"line":54,"column":6},"end":{"line":56,"column":8}},"36":{"start":{"line":59,"column":4},"end":{"line":79,"column":7}},"37":{"start":{"line":59,"column":29},"end":{"line":79,"column":6}},"38":{"start":{"line":60,"column":23},"end":{"line":62,"column":null}},"39":{"start":{"line":60,"column":12},"end":{"line":62,"column":null}},"40":{"start":{"line":64,"column":6},"end":{"line":64,"column":46}},"41":{"start":{"line":66,"column":12},"end":{"line":66,"column":56}},"42":{"start":{"line":68,"column":6},"end":{"line":68,"column":42}},"43":{"start":{"line":69,"column":6},"end":{"line":69,"column":45}},"44":{"start":{"line":70,"column":6},"end":{"line":72,"column":8}},"45":{"start":{"line":73,"column":6},"end":{"line":75,"column":8}},"46":{"start":{"line":76,"column":6},"end":{"line":78,"column":8}},"47":{"start":{"line":81,"column":4},"end":{"line":94,"column":7}},"48":{"start":{"line":81,"column":32},"end":{"line":94,"column":6}},"49":{"start":{"line":82,"column":23},"end":{"line":84,"column":null}},"50":{"start":{"line":82,"column":12},"end":{"line":84,"column":null}},"51":{"start":{"line":86,"column":6},"end":{"line":86,"column":46}},"52":{"start":{"line":88,"column":12},"end":{"line":88,"column":56}},"53":{"start":{"line":89,"column":6},"end":{"line":89,"column":47}},"54":{"start":{"line":90,"column":6},"end":{"line":92,"column":8}},"55":{"start":{"line":93,"column":6},"end":{"line":93,"column":57}},"56":{"start":{"line":97,"column":4},"end":{"line":110,"column":7}},"57":{"start":{"line":97,"column":38},"end":{"line":110,"column":6}},"58":{"start":{"line":98,"column":23},"end":{"line":100,"column":null}},"59":{"start":{"line":98,"column":12},"end":{"line":100,"column":null}},"60":{"start":{"line":102,"column":6},"end":{"line":102,"column":46}},"61":{"start":{"line":104,"column":12},"end":{"line":104,"column":56}},"62":{"start":{"line":105,"column":6},"end":{"line":105,"column":47}},"63":{"start":{"line":106,"column":6},"end":{"line":108,"column":8}},"64":{"start":{"line":109,"column":6},"end":{"line":109,"column":57}},"65":{"start":{"line":3,"column":13},"end":{"line":3,"column":40}}},"fnMap":{"0":{"name":"(anonymous_13)","decl":{"start":{"line":3,"column":40},"end":{"line":3,"column":null}},"loc":{"start":{"line":3,"column":40},"end":{"line":112,"column":1}}},"1":{"name":"(anonymous_14)","decl":{"start":{"line":4,"column":25},"end":{"line":4,"column":null}},"loc":{"start":{"line":4,"column":25},"end":{"line":111,"column":3}}},"2":{"name":"(anonymous_15)","decl":{"start":{"line":5,"column":31},"end":{"line":5,"column":null}},"loc":{"start":{"line":5,"column":31},"end":{"line":21,"column":6}}},"3":{"name":"(anonymous_18)","decl":{"start":{"line":23,"column":32},"end":{"line":23,"column":null}},"loc":{"start":{"line":23,"column":32},"end":{"line":39,"column":6}}},"4":{"name":"(anonymous_21)","decl":{"start":{"line":41,"column":32},"end":{"line":41,"column":null}},"loc":{"start":{"line":41,"column":32},"end":{"line":57,"column":6}}},"5":{"name":"(anonymous_24)","decl":{"start":{"line":59,"column":29},"end":{"line":59,"column":null}},"loc":{"start":{"line":59,"column":29},"end":{"line":79,"column":6}}},"6":{"name":"(anonymous_27)","decl":{"start":{"line":81,"column":32},"end":{"line":81,"column":null}},"loc":{"start":{"line":81,"column":32},"end":{"line":94,"column":6}}},"7":{"name":"(anonymous_30)","decl":{"start":{"line":97,"column":38},"end":{"line":97,"column":null}},"loc":{"start":{"line":97,"column":38},"end":{"line":110,"column":6}}}},"branchMap":{"0":{"loc":{"start":{"line":6,"column":23},"end":{"line":8,"column":null}},"type":"switch","locations":[{"start":{"line":6,"column":23},"end":{"line":8,"column":null}}]},"1":{"loc":{"start":{"line":24,"column":23},"end":{"line":26,"column":null}},"type":"switch","locations":[{"start":{"line":24,"column":23},"end":{"line":26,"column":null}}]},"2":{"loc":{"start":{"line":42,"column":23},"end":{"line":44,"column":null}},"type":"switch","locations":[{"start":{"line":42,"column":23},"end":{"line":44,"column":null}}]},"3":{"loc":{"start":{"line":60,"column":23},"end":{"line":62,"column":null}},"type":"switch","locations":[{"start":{"line":60,"column":23},"end":{"line":62,"column":null}}]},"4":{"loc":{"start":{"line":82,"column":23},"end":{"line":84,"column":null}},"type":"switch","locations":[{"start":{"line":82,"column":23},"end":{"line":84,"column":null}}]},"5":{"loc":{"start":{"line":98,"column":23},"end":{"line":100,"column":null}},"type":"switch","locations":[{"start":{"line":98,"column":23},"end":{"line":100,"column":null}}]}},"s":{"0":1,"1":1,"2":1,"3":1,"4":1,"5":1,"6":1,"7":1,"8":1,"9":1,"10":1,"11":1,"12":1,"13":1,"14":1,"15":1,"16":1,"17":1,"18":1,"19":1,"20":1,"21":1,"22":1,"23":1,"24":1,"25":1,"26":1,"27":1,"28":1,"29":1,"30":1,"31":1,"32":1,"33":1,"34":1,"35":1,"36":1,"37":1,"38":1,"39":1,"40":1,"41":1,"42":1,"43":1,"44":1,"45":1,"46":1,"47":1,"48":1,"49":1,"50":1,"51":1,"52":1,"53":1,"54":1,"55":1,"56":1,"57":1,"58":1,"59":1,"60":1,"61":1,"62":1,"63":1,"64":1,"65":1},"f":{"0":1,"1":1,"2":2,"3":2,"4":2,"5":2,"6":2,"7":2},"b":{"0":[1],"1":[1],"2":[1],"3":[1],"4":[1],"5":[1]}}
}
