TN:
SF:src/lib/logger.ts
FN:11,(anonymous_1)
FN:31,(anonymous_2)
FNF:2
FNH:2
FNDA:1,(anonymous_1)
FNDA:15,(anonymous_2)
DA:1,1
DA:3,1
DA:11,1
DA:12,1
DA:13,1
DA:14,1
DA:17,1
DA:25,1
DA:27,1
DA:31,15
DA:35,1
DA:39,1
DA:46,1
LF:13
LH:13
BRDA:12,0,0,1
BRDA:12,0,1,0
BRDA:14,1,0,0
BRDA:14,1,1,1
BRF:4
BRH:2
end_of_record
TN:
SF:src/utils/graph/client.ts
FN:7,(anonymous_1)
FN:9,(anonymous_2)
FNF:2
FNH:2
FNDA:5,(anonymous_1)
FNDA:10,(anonymous_2)
DA:1,1
DA:2,1
DA:3,1
DA:5,1
DA:7,5
DA:8,5
DA:9,10
DA:10,10
DA:15,5
DA:22,1
LF:10
LH:10
BRDA:6,0,0,1
BRDA:6,0,1,1
BRDA:8,1,0,5
BRDA:15,2,0,5
BRDA:18,3,0,1
BRDA:18,3,1,1
BRF:6
BRH:6
end_of_record
TN:
SF:src/utils/graph/index.ts
FNF:0
FNH:0
DA:1,1
DA:2,1
DA:3,1
DA:5,1
LF:4
LH:4
BRF:0
BRH:0
end_of_record
TN:
SF:src/utils/graph/mutations.ts
FNF:0
FNH:0
DA:1,1
DA:3,1
DA:14,1
DA:25,1
DA:36,1
DA:60,1
DA:77,1
DA:101,1
DA:102,1
DA:103,1
DA:104,1
DA:105,1
DA:106,1
LF:13
LH:13
BRDA:3,0,0,1
BRDA:3,0,1,1
BRDA:14,1,0,1
BRDA:14,1,1,1
BRDA:25,2,0,1
BRDA:25,2,1,1
BRDA:36,3,0,1
BRDA:36,3,1,1
BRDA:60,4,0,1
BRDA:60,4,1,1
BRDA:77,5,0,1
BRDA:77,5,1,1
BRF:12
BRH:12
end_of_record
TN:
SF:src/utils/graph/operations.ts
FNF:0
FNH:0
DA:1,1
DA:3,1
DA:26,1
DA:49,1
DA:73,1
DA:105,1
DA:119,1
DA:139,1
DA:152,1
DA:163,1
DA:164,1
DA:165,1
DA:166,1
DA:167,1
DA:168,1
DA:169,1
DA:170,1
LF:17
LH:17
BRDA:3,0,0,1
BRDA:3,0,1,1
BRDA:26,1,0,1
BRDA:26,1,1,1
BRDA:49,2,0,1
BRDA:49,2,1,1
BRDA:73,3,0,1
BRDA:73,3,1,1
BRDA:105,4,0,1
BRDA:105,4,1,1
BRDA:119,5,0,1
BRDA:119,5,1,1
BRDA:139,6,0,1
BRDA:139,6,1,1
BRDA:152,7,0,1
BRDA:152,7,1,1
BRF:16
BRH:16
end_of_record
TN:
SF:test/config/mockGraph.ts
FN:6,(anonymous_0)
FN:14,(anonymous_1)
FN:17,(anonymous_2)
FN:26,(anonymous_3)
FN:34,(anonymous_4)
FN:42,(anonymous_5)
FN:50,(anonymous_6)
FNF:7
FNH:7
FNDA:1,(anonymous_0)
FNDA:10,(anonymous_1)
FNDA:1,(anonymous_2)
FNDA:10,(anonymous_3)
FNDA:10,(anonymous_4)
FNDA:10,(anonymous_5)
FNDA:10,(anonymous_6)
DA:1,1
DA:2,1
DA:3,1
DA:6,1
DA:7,1
DA:11,1
DA:13,1
DA:14,10
DA:17,1
DA:26,10
DA:34,10
DA:42,10
DA:50,10
DA:57,1
DA:64,1
DA:67,1
LF:16
LH:16
BRF:0
BRH:0
end_of_record
TN:
SF:test/utils/graph/client.ts
FN:3,(anonymous_13)
FN:4,(anonymous_14)
FN:5,(anonymous_15)
FNF:3
FNH:3
FNDA:1,(anonymous_13)
FNDA:1,(anonymous_14)
FNDA:2,(anonymous_15)
DA:1,1
DA:3,1
DA:4,1
DA:5,1
DA:6,1
DA:10,1
DA:11,1
LF:7
LH:7
BRDA:6,0,0,1
BRF:1
BRH:1
end_of_record
TN:
SF:test/utils/graph/mutations.ts
FN:9,(anonymous_13)
FN:10,(anonymous_14)
FN:11,(anonymous_15)
FN:32,(anonymous_18)
FN:39,(anonymous_21)
FN:52,(anonymous_22)
FN:59,(anonymous_25)
FN:72,(anonymous_26)
FN:79,(anonymous_29)
FN:92,(anonymous_30)
FN:102,(anonymous_33)
FN:117,(anonymous_34)
FN:129,(anonymous_37)
FN:144,(anonymous_38)
FN:145,(anonymous_41)
FN:156,(anonymous_42)
FN:169,(anonymous_43)
FN:182,(anonymous_44)
FN:195,(anonymous_45)
FN:208,(anonymous_46)
FN:221,(anonymous_47)
FNF:21
FNH:20
FNDA:1,(anonymous_13)
FNDA:1,(anonymous_14)
FNDA:2,(anonymous_15)
FNDA:2,(anonymous_18)
FNDA:1,(anonymous_21)
FNDA:2,(anonymous_22)
FNDA:1,(anonymous_25)
FNDA:2,(anonymous_26)
FNDA:1,(anonymous_29)
FNDA:2,(anonymous_30)
FNDA:1,(anonymous_33)
FNDA:2,(anonymous_34)
FNDA:1,(anonymous_37)
FNDA:2,(anonymous_38)
FNDA:1,(anonymous_41)
FNDA:1,(anonymous_42)
FNDA:1,(anonymous_43)
FNDA:1,(anonymous_44)
FNDA:0,(anonymous_45)
FNDA:1,(anonymous_46)
FNDA:1,(anonymous_47)
DA:1,1
DA:9,1
DA:10,1
DA:11,1
DA:12,1
DA:21,1
DA:28,1
DA:29,1
DA:32,1
DA:33,1
DA:39,1
DA:41,1
DA:48,1
DA:49,1
DA:52,1
DA:53,1
DA:59,1
DA:61,1
DA:68,1
DA:69,1
DA:72,1
DA:73,1
DA:79,1
DA:81,1
DA:88,1
DA:89,1
DA:92,1
DA:93,1
DA:102,1
DA:104,1
DA:111,1
DA:112,1
DA:117,1
DA:118,1
DA:129,1
DA:131,1
DA:138,1
DA:139,1
DA:144,1
DA:145,1
DA:146,1
DA:149,2
DA:157,1
DA:162,2
DA:170,1
DA:175,2
DA:183,1
DA:188,2
DA:196,0
DA:201,2
DA:209,1
DA:214,2
DA:222,1
LF:53
LH:52
BRF:0
BRH:0
end_of_record
TN:
SF:test/utils/graph/operations.ts
FN:3,(anonymous_13)
FN:4,(anonymous_14)
FN:5,(anonymous_15)
FN:23,(anonymous_18)
FN:41,(anonymous_21)
FN:59,(anonymous_24)
FN:81,(anonymous_27)
FN:97,(anonymous_30)
FNF:8
FNH:8
FNDA:1,(anonymous_13)
FNDA:1,(anonymous_14)
FNDA:2,(anonymous_15)
FNDA:2,(anonymous_18)
FNDA:2,(anonymous_21)
FNDA:2,(anonymous_24)
FNDA:2,(anonymous_27)
FNDA:2,(anonymous_30)
DA:1,1
DA:3,1
DA:4,1
DA:5,1
DA:6,1
DA:10,1
DA:12,1
DA:14,1
DA:15,1
DA:16,1
DA:19,1
DA:20,1
DA:23,1
DA:24,1
DA:28,1
DA:30,1
DA:32,1
DA:33,1
DA:34,1
DA:35,1
DA:38,1
DA:41,1
DA:42,1
DA:46,1
DA:48,1
DA:50,1
DA:51,1
DA:52,1
DA:53,1
DA:54,1
DA:59,1
DA:60,1
DA:64,1
DA:66,1
DA:68,1
DA:69,1
DA:70,1
DA:73,1
DA:76,1
DA:81,1
DA:82,1
DA:86,1
DA:88,1
DA:89,1
DA:90,1
DA:93,1
DA:97,1
DA:98,1
DA:102,1
DA:104,1
DA:105,1
DA:106,1
DA:109,1
LF:53
LH:53
BRDA:6,0,0,1
BRDA:24,1,0,1
BRDA:42,2,0,1
BRDA:60,3,0,1
BRDA:82,4,0,1
BRDA:98,5,0,1
BRF:6
BRH:6
end_of_record
